

*******************************************************************************
Tue Feb 14 19:29:46 2017


FIT:    data read from './sim6_msd.dat' u 2:3
        format = x:z
        #datapoints = 19999
        residuals are weighted equally (unit weight)

function used for fitting: f(x)
	f(x) = a*x + b
fitted parameters initialized with current variable values

iter      chisq       delta/lim  lambda   a             b            
   0 4.8680980496e+09   0.00e+00  4.08e+01    1.000000e+00   1.000000e+00
   3 3.6358774024e+06  -1.08e-03  4.08e-02    9.489819e+00   4.500943e+00

After 3 iterations the fit converged.
final sum of squares of residuals : 3.63588e+06
rel. change during last iteration : -1.08141e-08

degrees of freedom    (FIT_NDF)                        : 19997
rms of residuals      (FIT_STDFIT) = sqrt(WSSR/ndf)    : 13.4841
variance of residuals (reduced chisquare) = WSSR/ndf   : 181.821

Final set of parameters            Asymptotic Standard Error
=======================            ==========================
a               = 9.48982          +/- 0.003303     (0.03481%)
b               = 4.50094          +/- 0.1907       (4.237%)

correlation matrix of the fit parameters:
                a      b      
a               1.000 
b              -0.866  1.000 


*******************************************************************************
Tue Feb 14 20:28:59 2017


FIT:    data read from './sim6_msd.dat' u 2:3
        format = x:z
        #datapoints = 19999
        residuals are weighted equally (unit weight)

function used for fitting: f(x)
	f(x) = a*x + b
fitted parameters initialized with current variable values

iter      chisq       delta/lim  lambda   a             b            
   0 4.8680980496e+09   0.00e+00  4.08e+01    1.000000e+00   1.000000e+00
   3 3.6358774024e+06  -1.08e-03  4.08e-02    9.489819e+00   4.500943e+00

After 3 iterations the fit converged.
final sum of squares of residuals : 3.63588e+06
rel. change during last iteration : -1.08141e-08

degrees of freedom    (FIT_NDF)                        : 19997
rms of residuals      (FIT_STDFIT) = sqrt(WSSR/ndf)    : 13.4841
variance of residuals (reduced chisquare) = WSSR/ndf   : 181.821

Final set of parameters            Asymptotic Standard Error
=======================            ==========================
a               = 9.48982          +/- 0.003303     (0.03481%)
b               = 4.50094          +/- 0.1907       (4.237%)

correlation matrix of the fit parameters:
                a      b      
a               1.000 
b              -0.866  1.000 
