

*******************************************************************************
Tue Feb 14 19:31:15 2017


FIT:    data read from './sim8_msd.dat' u 2:3
        format = x:z
        #datapoints = 19999
        residuals are weighted equally (unit weight)

function used for fitting: f(x)
	f(x) = a*x + b
fitted parameters initialized with current variable values

iter      chisq       delta/lim  lambda   a             b            
   0 7.1758126928e+08   0.00e+00  4.08e+01    1.000000e+00   1.000000e+00
   3 1.7518266709e+05  -1.38e-02  4.08e-02    4.319340e+00  -1.592153e+00

After 3 iterations the fit converged.
final sum of squares of residuals : 175183
rel. change during last iteration : -1.37649e-07

degrees of freedom    (FIT_NDF)                        : 19997
rms of residuals      (FIT_STDFIT) = sqrt(WSSR/ndf)    : 2.95981
variance of residuals (reduced chisquare) = WSSR/ndf   : 8.76045

Final set of parameters            Asymptotic Standard Error
=======================            ==========================
a               = 4.31934          +/- 0.0007251    (0.01679%)
b               = -1.59215         +/- 0.04186      (2.629%)

correlation matrix of the fit parameters:
                a      b      
a               1.000 
b              -0.866  1.000 


*******************************************************************************
Tue Feb 14 20:30:24 2017


FIT:    data read from './sim8_msd.dat' u 2:3
        format = x:z
        #datapoints = 19999
        residuals are weighted equally (unit weight)

function used for fitting: f(x)
	f(x) = a*x + b
fitted parameters initialized with current variable values

iter      chisq       delta/lim  lambda   a             b            
   0 7.1758126928e+08   0.00e+00  4.08e+01    1.000000e+00   1.000000e+00
   3 1.7518266709e+05  -1.38e-02  4.08e-02    4.319340e+00  -1.592153e+00

After 3 iterations the fit converged.
final sum of squares of residuals : 175183
rel. change during last iteration : -1.37649e-07

degrees of freedom    (FIT_NDF)                        : 19997
rms of residuals      (FIT_STDFIT) = sqrt(WSSR/ndf)    : 2.95981
variance of residuals (reduced chisquare) = WSSR/ndf   : 8.76045

Final set of parameters            Asymptotic Standard Error
=======================            ==========================
a               = 4.31934          +/- 0.0007251    (0.01679%)
b               = -1.59215         +/- 0.04186      (2.629%)

correlation matrix of the fit parameters:
                a      b      
a               1.000 
b              -0.866  1.000 
