

*******************************************************************************
Tue Feb 14 19:32:32 2017


FIT:    data read from './sim10_msd.dat' u 2:3
        format = x:z
        #datapoints = 19999
        residuals are weighted equally (unit weight)

function used for fitting: f(x)
	f(x) = a*x + b
fitted parameters initialized with current variable values

iter      chisq       delta/lim  lambda   a             b            
   0 9.6962566996e+07   0.00e+00  4.08e+01    1.000000e+00   1.000000e+00
   3 3.1850691158e+05  -1.85e-02  4.08e-02    2.141263e+00   5.150805e+00

After 3 iterations the fit converged.
final sum of squares of residuals : 318507
rel. change during last iteration : -1.85341e-07

degrees of freedom    (FIT_NDF)                        : 19997
rms of residuals      (FIT_STDFIT) = sqrt(WSSR/ndf)    : 3.99096
variance of residuals (reduced chisquare) = WSSR/ndf   : 15.9277

Final set of parameters            Asymptotic Standard Error
=======================            ==========================
a               = 2.14126          +/- 0.0009777    (0.04566%)
b               = 5.1508           +/- 0.05644      (1.096%)

correlation matrix of the fit parameters:
                a      b      
a               1.000 
b              -0.866  1.000 


*******************************************************************************
Tue Feb 14 20:36:13 2017


FIT:    data read from './sim10_msd.dat' u 2:3
        format = x:z
        #datapoints = 19999
        residuals are weighted equally (unit weight)

function used for fitting: f(x)
	f(x) = a*x + b
fitted parameters initialized with current variable values

iter      chisq       delta/lim  lambda   a             b            
   0 9.6962566996e+07   0.00e+00  4.08e+01    1.000000e+00   1.000000e+00
   3 3.1850691158e+05  -1.85e-02  4.08e-02    2.141263e+00   5.150805e+00

After 3 iterations the fit converged.
final sum of squares of residuals : 318507
rel. change during last iteration : -1.85341e-07

degrees of freedom    (FIT_NDF)                        : 19997
rms of residuals      (FIT_STDFIT) = sqrt(WSSR/ndf)    : 3.99096
variance of residuals (reduced chisquare) = WSSR/ndf   : 15.9277

Final set of parameters            Asymptotic Standard Error
=======================            ==========================
a               = 2.14126          +/- 0.0009777    (0.04566%)
b               = 5.1508           +/- 0.05644      (1.096%)

correlation matrix of the fit parameters:
                a      b      
a               1.000 
b              -0.866  1.000 
