

*******************************************************************************
Tue Feb 14 19:26:17 2017


FIT:    data read from './sim4_msd.dat' u 2:3
        format = x:z
        #datapoints = 19999
        residuals are weighted equally (unit weight)

function used for fitting: f(x)
	f(x) = a*x + b
fitted parameters initialized with current variable values

iter      chisq       delta/lim  lambda   a             b            
   0 6.8596229916e+10   0.00e+00  4.08e+01    1.000000e+00   1.000000e+00
   3 5.7592074444e+07  -2.78e-02  4.08e-02    3.407366e+01  -6.660659e+01

After 3 iterations the fit converged.
final sum of squares of residuals : 5.75921e+07
rel. change during last iteration : -2.78216e-07

degrees of freedom    (FIT_NDF)                        : 19997
rms of residuals      (FIT_STDFIT) = sqrt(WSSR/ndf)    : 53.666
variance of residuals (reduced chisquare) = WSSR/ndf   : 2880.04

Final set of parameters            Asymptotic Standard Error
=======================            ==========================
a               = 34.0737          +/- 0.01315      (0.03858%)
b               = -66.6066         +/- 0.759        (1.14%)

correlation matrix of the fit parameters:
                a      b      
a               1.000 
b              -0.866  1.000 


*******************************************************************************
Tue Feb 14 20:27:59 2017


FIT:    data read from './sim4_msd.dat' u 2:3
        format = x:z
        #datapoints = 19999
        residuals are weighted equally (unit weight)

function used for fitting: f(x)
	f(x) = a*x + b
fitted parameters initialized with current variable values

iter      chisq       delta/lim  lambda   a             b            
   0 6.8596229916e+10   0.00e+00  4.08e+01    1.000000e+00   1.000000e+00
   3 5.7592074444e+07  -2.78e-02  4.08e-02    3.407366e+01  -6.660659e+01

After 3 iterations the fit converged.
final sum of squares of residuals : 5.75921e+07
rel. change during last iteration : -2.78216e-07

degrees of freedom    (FIT_NDF)                        : 19997
rms of residuals      (FIT_STDFIT) = sqrt(WSSR/ndf)    : 53.666
variance of residuals (reduced chisquare) = WSSR/ndf   : 2880.04

Final set of parameters            Asymptotic Standard Error
=======================            ==========================
a               = 34.0737          +/- 0.01315      (0.03858%)
b               = -66.6066         +/- 0.759        (1.14%)

correlation matrix of the fit parameters:
                a      b      
a               1.000 
b              -0.866  1.000 
